Build started 10/03/2016 10:58:40.
     1>Project "C:\Users\Santiago\Documents\GitHub\Projeto\Projeto.vcxproj" on node 2 (Build target(s)).
     1>ClCompile:
         C:\Program Files (x86)\Microsoft Visual Studio 14.0\VC\bin\x86_amd64\CL.exe /c /ZI /nologo /W3 /WX- /sdl /Od /D _DEBUG /D _CONSOLE /D _UNICODE /D UNICODE /Gm /EHsc /RTC1 /MDd /GS /fp:precise /Zc:wchar_t /Zc:forScope /Zc:inline /Fo"x64\Debug\\" /Fd"x64\Debug\vc140.pdb" /Gd /TP /errorReport:prompt Projeto.cpp
         Projeto.cpp
     1>c:\users\santiago\documents\github\projeto\projeto.cpp(40): warning C4244: 'argument': conversion from 'time_t' to 'unsigned int', possible loss of data
     1>c:\users\santiago\documents\github\projeto\projeto.cpp(54): warning C4267: 'argument': conversion from 'size_t' to 'int', possible loss of data
     1>c:\users\santiago\documents\github\projeto\projeto.cpp(75): warning C4267: '=': conversion from 'size_t' to 'int', possible loss of data
     1>c:\users\santiago\documents\github\projeto\projeto.cpp(94): warning C4244: '=': conversion from '__int64' to 'int', possible loss of data
     1>c:\users\santiago\documents\github\projeto\projeto.cpp(99): warning C4244: '=': conversion from '__int64' to 'int', possible loss of data
     1>c:\users\santiago\documents\github\projeto\projeto.cpp(129): warning C4267: 'argument': conversion from 'size_t' to 'int', possible loss of data
     1>c:\users\santiago\documents\github\projeto\projeto.cpp(142): warning C4267: 'argument': conversion from 'size_t' to 'int', possible loss of data
     1>c:\users\santiago\documents\github\projeto\projeto.cpp(146): warning C4267: 'argument': conversion from 'size_t' to 'int', possible loss of data
     1>c:\users\santiago\documents\github\projeto\projeto.cpp(147): warning C4267: 'argument': conversion from 'size_t' to 'int', possible loss of data
     1>c:\users\santiago\documents\github\projeto\projeto.cpp(155): warning C4244: 'argument': conversion from 'time_t' to 'unsigned int', possible loss of data
     1>c:\users\santiago\documents\github\projeto\projeto.cpp(177): warning C4267: 'initializing': conversion from 'size_t' to 'int', possible loss of data
     1>c:\users\santiago\documents\github\projeto\projeto.cpp(249): warning C4244: '=': conversion from '__int64' to 'int', possible loss of data
     1>c:\users\santiago\documents\github\projeto\projeto.cpp(254): warning C4244: '=': conversion from '__int64' to 'int', possible loss of data
     1>c:\users\santiago\documents\github\projeto\projeto.cpp(270): warning C4267: 'argument': conversion from 'size_t' to 'int', possible loss of data
     1>c:\users\santiago\documents\github\projeto\projeto.cpp(271): warning C4267: 'argument': conversion from 'size_t' to 'int', possible loss of data
     1>c:\users\santiago\documents\github\projeto\projeto.cpp(293): warning C4267: 'initializing': conversion from 'size_t' to 'int', possible loss of data
     1>c:\users\santiago\documents\github\projeto\projeto.cpp(299): warning C4267: 'argument': conversion from 'size_t' to 'int', possible loss of data
     1>c:\users\santiago\documents\github\projeto\sorter.h(218): warning C4267: 'initializing': conversion from 'size_t' to 'int', possible loss of data
         c:\users\santiago\documents\github\projeto\sorter.h(214): note: see reference to function template instantiation 'void BucketSort<object,int>(object (*),type)' being compiled
                 with
                 [
                     object=int [10],
                     type=int
                 ]
         c:\users\santiago\documents\github\projeto\projeto.cpp(314): note: see reference to function template instantiation 'void BucketSort<int[10]>(object (*))' being compiled
                 with
                 [
                     object=int [10]
                 ]
       Link:
         C:\Program Files (x86)\Microsoft Visual Studio 14.0\VC\bin\x86_amd64\link.exe /ERRORREPORT:PROMPT /OUT:"C:\Users\Santiago\Documents\GitHub\Projeto\x64\Debug\Projeto.exe" /INCREMENTAL /NOLOGO kernel32.lib user32.lib gdi32.lib winspool.lib comdlg32.lib advapi32.lib shell32.lib ole32.lib oleaut32.lib uuid.lib odbc32.lib odbccp32.lib /MANIFEST /MANIFESTUAC:"level='asInvoker' uiAccess='false'" /manifest:embed /Debug /PDB:"C:\Users\Santiago\Documents\GitHub\Projeto\x64\Debug\Projeto.pdb" /SUBSYSTEM:CONSOLE /TLBID:1 /DYNAMICBASE /NXCOMPAT /IMPLIB:"C:\Users\Santiago\Documents\GitHub\Projeto\x64\Debug\Projeto.lib" /MACHINE:X64 x64\Debug\Projeto.obj
         Projeto.vcxproj -> C:\Users\Santiago\Documents\GitHub\Projeto\x64\Debug\Projeto.exe
     1>Done Building Project "C:\Users\Santiago\Documents\GitHub\Projeto\Projeto.vcxproj" (Build target(s)).

Build succeeded.

Time Elapsed 00:00:02.28
